<?xml version="1.0" encoding="UTF-8"?>
<!-- Generated by org.testng.reporters.JUnitReportReporter -->
<testsuite hostname="DESKTOP-F09LD45" name="com.testSuites.NewTest" tests="2" failures="0" timestamp="25 Sep 2018 16:04:29 GMT" time="0.018" errors="0">
  <testcase name="TC_001" time="0.016" classname="com.testSuites.NewTest"/>
  <testcase name="TC_003" time="0.002" classname="com.testSuites.NewTest"/>
</testsuite> <!-- com.testSuites.NewTest -->
